<?xml version="1.0" encoding="UTF-8"?>
<testsuite name="com.bridgelabz.Employee_Payroll_Test" tests="1" skipped="0" failures="0" errors="0" timestamp="2021-04-16T11:00:16" hostname="DESKTOP-011U31P" time="0.785">
  <properties/>
  <testcase name="insert_multiple_values_into_a_table_at_a_single_time()" classname="com.bridgelabz.Employee_Payroll_Test" time="0.785"/>
  <system-out><![CDATA[Connecting to database: jdbc:mysql://localhost:3307/payroll_service?useSSL=false
Connection successful: com.mysql.cj.jdbc.ConnectionImpl@23d3b032
Connecting to database: jdbc:mysql://localhost:3307/payroll_service?useSSL=false
Connection successful: com.mysql.cj.jdbc.ConnectionImpl@42004cda
[EmployeePayrollData{id=1, name='bill', date=null, salary=0.0, gender='null'}, EmployeePayrollData{id=2, name='Terise', date=null, salary=0.0, gender='null'}, EmployeePayrollData{id=3, name='charle', date=null, salary=0.0, gender='null'}, EmployeePayrollData{id=19, name='sandhya', date=null, salary=0.0, gender='null'}, EmployeePayrollData{id=20, name='Sheetal', date=null, salary=0.0, gender='null'}, EmployeePayrollData{id=21, name='sandhya', date=null, salary=0.0, gender='null'}, EmployeePayrollData{id=22, name='Sheetal', date=null, salary=0.0, gender='null'}, EmployeePayrollData{id=23, name='sandhya', date=null, salary=0.0, gender='null'}, EmployeePayrollData{id=24, name='Sheetal', date=null, salary=0.0, gender='null'}, EmployeePayrollData{id=28, name='sandhya', date=null, salary=0.0, gender='null'}, EmployeePayrollData{id=29, name='Sheetal', date=null, salary=0.0, gender='null'}, EmployeePayrollData{id=30, name='sandhya', date=null, salary=0.0, gender='null'}, EmployeePayrollData{id=31, name='Sheetal', date=null, salary=0.0, gender='null'}, EmployeePayrollData{id=32, name='sandhya', date=null, salary=0.0, gender='null'}, EmployeePayrollData{id=33, name='Sheetal', date=null, salary=0.0, gender='null'}, EmployeePayrollData{id=34, name='sandhya', date=null, salary=0.0, gender='null'}, EmployeePayrollData{id=35, name='Sheetal', date=null, salary=0.0, gender='null'}, EmployeePayrollData{id=37, name='sandhya', date=null, salary=0.0, gender='null'}, EmployeePayrollData{id=38, name='Sheetal', date=null, salary=0.0, gender='null'}, EmployeePayrollData{id=39, name='sandhya', date=null, salary=0.0, gender='null'}, EmployeePayrollData{id=40, name='Sheetal', date=null, salary=0.0, gender='null'}, EmployeePayrollData{id=41, name='sandhya', date=null, salary=0.0, gender='null'}, EmployeePayrollData{id=42, name='Sheetal', date=null, salary=0.0, gender='null'}, EmployeePayrollData{id=43, name='sandhya', date=null, salary=0.0, gender='null'}, EmployeePayrollData{id=44, name='Sheetal', date=null, salary=0.0, gender='null'}, EmployeePayrollData{id=45, name='sandhya', date=null, salary=0.0, gender='null'}, EmployeePayrollData{id=46, name='Sheetal', date=null, salary=0.0, gender='null'}]
]]></system-out>
  <system-err><![CDATA[]]></system-err>
</testsuite>
