<?xml version="1.0" encoding="UTF-8"?>
<testsuite name="com.bridgelabz.Employee_Payroll_Test" tests="1" skipped="0" failures="0" errors="0" timestamp="2021-04-15T15:47:15" hostname="DESKTOP-011U31P" time="1.306">
  <properties/>
  <testcase name="givenName_ShouldDeleteEmployee()" classname="com.bridgelabz.Employee_Payroll_Test" time="1.306"/>
  <system-out><![CDATA[Connecting to database: jdbc:mysql://localhost:3307/payroll_service?useSSL=false
Connection successful: com.mysql.cj.jdbc.ConnectionImpl@2999a5f5
]]></system-out>
  <system-err><![CDATA[]]></system-err>
</testsuite>
